[debug] [2022-08-10T19:07:26.480Z] ----------------------------------------------------------------------
[debug] [2022-08-10T19:07:26.482Z] Command:       C:\Program Files\nodejs\node.exe C:\Users\csbsc\AppData\Roaming\npm\node_modules\firebase-tools\lib\bin\firebase.js deploy
[debug] [2022-08-10T19:07:26.482Z] CLI Version:   11.5.0
[debug] [2022-08-10T19:07:26.482Z] Platform:      win32
[debug] [2022-08-10T19:07:26.482Z] Node Version:  v16.16.0
[debug] [2022-08-10T19:07:26.483Z] Time:          Wed Aug 10 2022 16:07:26 GMT-0300 (Horário Padrão de Brasília)
[debug] [2022-08-10T19:07:26.483Z] ----------------------------------------------------------------------
[debug] 
[debug] [2022-08-10T19:07:26.542Z] > command requires scopes: ["email","openid","https://www.googleapis.com/auth/cloudplatformprojects.readonly","https://www.googleapis.com/auth/firebase","https://www.googleapis.com/auth/cloud-platform"]
[debug] [2022-08-10T19:07:26.542Z] > authorizing via signed-in user (csbs.conta@gmail.com)
[debug] [2022-08-10T19:07:26.542Z] [iam] checking project ftc-callcenter-web for permissions ["firebase.projects.get","firebasehosting.sites.update"]
[debug] [2022-08-10T19:07:26.544Z] > refreshing access token with scopes: []
[debug] [2022-08-10T19:07:26.545Z] >>> [apiv2][query] POST https://www.googleapis.com/oauth2/v3/token [none]
[debug] [2022-08-10T19:07:26.545Z] >>> [apiv2][body] POST https://www.googleapis.com/oauth2/v3/token [omitted]
[debug] [2022-08-10T19:07:26.564Z] [iam] error while checking permissions, command may fail: FirebaseError: Authentication Error: Your credentials are no longer valid. Please run firebase login --reauth

For CI servers and headless environments, generate a new token with firebase login:ci
[debug] [2022-08-10T19:07:26.564Z] > refreshing access token with scopes: []
[debug] [2022-08-10T19:07:26.565Z] >>> [apiv2][query] POST https://www.googleapis.com/oauth2/v3/token [none]
[debug] [2022-08-10T19:07:26.565Z] >>> [apiv2][body] POST https://www.googleapis.com/oauth2/v3/token [omitted]
[debug] [2022-08-10T19:07:26.571Z] Authentication Error: Your credentials are no longer valid. Please run firebase login --reauth

For CI servers and headless environments, generate a new token with firebase login:ci
[debug] [2022-08-10T19:07:26.585Z] FirebaseError: Authentication Error: Your credentials are no longer valid. Please run firebase login --reauth

For CI servers and headless environments, generate a new token with firebase login:ci
    at invalidCredentialError (C:\Users\csbsc\AppData\Roaming\npm\node_modules\firebase-tools\lib\auth.js:144:12)
    at refreshTokens (C:\Users\csbsc\AppData\Roaming\npm\node_modules\firebase-tools\lib\auth.js:508:15)
    at processTicksAndRejections (node:internal/process/task_queues:96:5)
    at async Client.getAccessToken (C:\Users\csbsc\AppData\Roaming\npm\node_modules\firebase-tools\lib\apiv2.js:149:23)
    at async Client.addAuthHeader (C:\Users\csbsc\AppData\Roaming\npm\node_modules\firebase-tools\lib\apiv2.js:140:21)
    at async Client.request (C:\Users\csbsc\AppData\Roaming\npm\node_modules\firebase-tools\lib\apiv2.js:96:34)
    at async getFirebaseProject (C:\Users\csbsc\AppData\Roaming\npm\node_modules\firebase-tools\lib\management\projects.js:295:21)
    at async getDefaultHostingSite (C:\Users\csbsc\AppData\Roaming\npm\node_modules\firebase-tools\lib\getDefaultHostingSite.js:8:21)
    at async requireHostingSite (C:\Users\csbsc\AppData\Roaming\npm\node_modules\firebase-tools\lib\requireHostingSite.js:9:18)
    at async Object.fn (C:\Users\csbsc\AppData\Roaming\npm\node_modules\firebase-tools\lib\commands\deploy.js:74:9)
    at async C:\Users\csbsc\AppData\Roaming\npm\node_modules\firebase-tools\lib\command.js:188:17
[error] 
[error] Error: Failed to get Firebase project ftc-callcenter-web. Please make sure the project exists and your account has permission to access it.
